C:\Program Files\Microsoft Visual Studio\2022\Community\MSBuild\Microsoft\VC\v170\Microsoft.CppBuild.targets(531,5): warning MSB8028: The intermediate directory (x64\Debug\) contains files shared from another project (BankCons.vcxproj, ProgrammingAdvices.vcxproj).  This can lead to incorrect clean and rebuild behavior.
  ProgrammingAdvices.cpp
C:\Users\Moham\OneDrive\Desktop\Bank System ConsolApp\ProgrammingAdvices\clsString.h(32,35): warning C4267: '=': conversion from 'size_t' to 'short', possible loss of data
  (compiling source file 'ProgrammingAdvices.cpp')
  
C:\Users\Moham\OneDrive\Desktop\Bank System ConsolApp\ProgrammingAdvices\clsString.h(76,26): warning C4267: '=': conversion from 'size_t' to 'short', possible loss of data
  (compiling source file 'ProgrammingAdvices.cpp')
  
C:\Users\Moham\OneDrive\Desktop\Bank System ConsolApp\ProgrammingAdvices\clsString.h(216,29): warning C4267: 'return': conversion from 'size_t' to 'short', possible loss of data
  (compiling source file 'ProgrammingAdvices.cpp')
  
C:\Users\Moham\OneDrive\Desktop\Bank System ConsolApp\ProgrammingAdvices\clsString.h(227,30): warning C4267: 'return': conversion from 'size_t' to 'short', possible loss of data
  (compiling source file 'ProgrammingAdvices.cpp')
  
C:\Users\Moham\OneDrive\Desktop\Bank System ConsolApp\ProgrammingAdvices\clsString.h(294,30): warning C4267: '=': conversion from 'size_t' to 'short', possible loss of data
  (compiling source file 'ProgrammingAdvices.cpp')
  
C:\Users\Moham\OneDrive\Desktop\Bank System ConsolApp\ProgrammingAdvices\clsString.h(316,30): warning C4267: '=': conversion from 'size_t' to 'short', possible loss of data
  (compiling source file 'ProgrammingAdvices.cpp')
  
C:\Users\Moham\OneDrive\Desktop\Bank System ConsolApp\ProgrammingAdvices\clsString.h(352,20): warning C4267: 'initializing': conversion from 'size_t' to 'short', possible loss of data
  (compiling source file 'ProgrammingAdvices.cpp')
  
C:\Users\Moham\OneDrive\Desktop\Bank System ConsolApp\ProgrammingAdvices\clsString.h(417,32): warning C4267: '=': conversion from 'size_t' to 'short', possible loss of data
  (compiling source file 'ProgrammingAdvices.cpp')
  
C:\Users\Moham\OneDrive\Desktop\Bank System ConsolApp\ProgrammingAdvices\clsString.h(424,32): warning C4267: '=': conversion from 'size_t' to 'short', possible loss of data
  (compiling source file 'ProgrammingAdvices.cpp')
  
C:\Users\Moham\OneDrive\Desktop\Bank System ConsolApp\ProgrammingAdvices\clsDate.h(117,3): warning C4091: 'static ': ignored on left of 'clsDate::enDateCompare' when no variable is declared
  (compiling source file 'ProgrammingAdvices.cpp')
  
C:\Users\Moham\OneDrive\Desktop\Bank System ConsolApp\ProgrammingAdvices\clsDate.h(39,11): warning C4244: 'initializing': conversion from 'int' to 'float', possible loss of data
  (compiling source file 'ProgrammingAdvices.cpp')
  
C:\Users\Moham\OneDrive\Desktop\Bank System ConsolApp\ProgrammingAdvices\clsDate.h(40,11): warning C4244: 'initializing': conversion from 'float' to 'short', possible loss of data
  (compiling source file 'ProgrammingAdvices.cpp')
  
C:\Users\Moham\OneDrive\Desktop\Bank System ConsolApp\ProgrammingAdvices\clsDate.h(41,11): warning C4244: 'initializing': conversion from 'float' to 'short', possible loss of data
  (compiling source file 'ProgrammingAdvices.cpp')
  
C:\Users\Moham\OneDrive\Desktop\Bank System ConsolApp\ProgrammingAdvices\clsBankClient.h(265,9): warning C4240: nonstandard extension used: access to 'clsBankClient::stTransferLog' now defined to be 'public', previously it was defined to be 'private'
  (compiling source file 'ProgrammingAdvices.cpp')
  C:\Users\Moham\OneDrive\Desktop\Bank System ConsolApp\ProgrammingAdvices\clsBankClient.h(180,9):
  see declaration of 'clsBankClient::stTransferLog'
  
C:\Users\Moham\OneDrive\Desktop\Bank System ConsolApp\ProgrammingAdvices\clsBankClient.h(37,56): warning C4244: 'argument': conversion from 'double' to 'float', possible loss of data
  (compiling source file 'ProgrammingAdvices.cpp')
  
C:\Users\Moham\OneDrive\Desktop\Bank System ConsolApp\ProgrammingAdvices\clsBankClient.h(191,42): warning C4244: '=': conversion from 'int' to 'float', possible loss of data
  (compiling source file 'ProgrammingAdvices.cpp')
  
C:\Users\Moham\OneDrive\Desktop\Bank System ConsolApp\ProgrammingAdvices\clsBankClient.h(192,58): warning C4244: '=': conversion from 'int' to 'float', possible loss of data
  (compiling source file 'ProgrammingAdvices.cpp')
  
C:\Users\Moham\OneDrive\Desktop\Bank System ConsolApp\ProgrammingAdvices\clsBankClient.h(193,63): warning C4244: '=': conversion from 'int' to 'float', possible loss of data
  (compiling source file 'ProgrammingAdvices.cpp')
  
C:\Users\Moham\OneDrive\Desktop\Bank System ConsolApp\ProgrammingAdvices\clsBankClient.h(415,10): warning C4244: 'return': conversion from 'double' to 'float', possible loss of data
  (compiling source file 'ProgrammingAdvices.cpp')
  
C:\Users\Moham\OneDrive\Desktop\Bank System ConsolApp\ProgrammingAdvices\clsBankClient.h(421,18): warning C4244: 'argument': conversion from 'double' to 'float', possible loss of data
  (compiling source file 'ProgrammingAdvices.cpp')
  
C:\Users\Moham\OneDrive\Desktop\Bank System ConsolApp\ProgrammingAdvices\clsBankClient.h(433,19): warning C4244: 'argument': conversion from 'double' to 'float', possible loss of data
  (compiling source file 'ProgrammingAdvices.cpp')
  
C:\Users\Moham\OneDrive\Desktop\Bank System ConsolApp\ProgrammingAdvices\clsUtil.h(49,19): warning C4244: 'initializing': conversion from 'double' to 'int', possible loss of data
  (compiling source file 'ProgrammingAdvices.cpp')
  
C:\Users\Moham\OneDrive\Desktop\Bank System ConsolApp\ProgrammingAdvices\clsUser.h(200,9): warning C4240: nonstandard extension used: access to 'clsUser::stLoginRegisterRecord' now defined to be 'public', previously it was defined to be 'private'
  (compiling source file 'ProgrammingAdvices.cpp')
  C:\Users\Moham\OneDrive\Desktop\Bank System ConsolApp\ProgrammingAdvices\clsUser.h(52,9):
  see declaration of 'clsUser::stLoginRegisterRecord'
  
C:\Users\Moham\OneDrive\Desktop\Bank System ConsolApp\ProgrammingAdvices\clsAddNewClientScreen.h(31,60): warning C4244: 'argument': conversion from 'double' to 'float', possible loss of data
  (compiling source file 'ProgrammingAdvices.cpp')
  
C:\Users\Moham\OneDrive\Desktop\Bank System ConsolApp\ProgrammingAdvices\clsUpdateClientScreen.h(47,66): warning C4244: 'argument': conversion from 'double' to 'float', possible loss of data
  (compiling source file 'ProgrammingAdvices.cpp')
  
C:\Users\Moham\OneDrive\Desktop\Bank System ConsolApp\ProgrammingAdvices\clsTotalBalancesScreen.h(57,76): warning C4244: 'argument': conversion from 'double' to 'int', possible loss of data
  (compiling source file 'ProgrammingAdvices.cpp')
  
C:\Users\Moham\OneDrive\Desktop\Bank System ConsolApp\ProgrammingAdvices\clsTransferScreen.h(43,45): warning C4244: '=': conversion from 'double' to 'float', possible loss of data
  (compiling source file 'ProgrammingAdvices.cpp')
  
C:\Users\Moham\OneDrive\Desktop\Bank System ConsolApp\ProgrammingAdvices\clsTransferScreen.h(48,44): warning C4244: '=': conversion from 'double' to 'float', possible loss of data
  (compiling source file 'ProgrammingAdvices.cpp')
  
C:\Users\Moham\OneDrive\Desktop\Bank System ConsolApp\ProgrammingAdvices\clsCurrency.h(27,17): warning C4244: 'argument': conversion from 'double' to 'float', possible loss of data
  (compiling source file 'ProgrammingAdvices.cpp')
  
C:\Users\Moham\OneDrive\Desktop\Bank System ConsolApp\ProgrammingAdvices\clsUpdateCurrencyRateScreen.h(17,52): warning C4244: '=': conversion from 'double' to 'float', possible loss of data
  (compiling source file 'ProgrammingAdvices.cpp')
  
C:\Users\Moham\OneDrive\Desktop\Bank System ConsolApp\ProgrammingAdvices\clsCurrencyCalculatorScreen.h(17,51): warning C4244: '=': conversion from 'double' to 'float', possible loss of data
  (compiling source file 'ProgrammingAdvices.cpp')
  
C:\Users\Moham\OneDrive\Desktop\Bank System ConsolApp\ProgrammingAdvices\clsBankClient.h(374): warning C4715: 'clsBankClient::Save': not all control paths return a value
C:\Users\Moham\OneDrive\Desktop\Bank System ConsolApp\ProgrammingAdvices\clsUser.h(359): warning C4715: 'clsUser::Save': not all control paths return a value
  ProgrammingAdvices.vcxproj -> C:\Users\Moham\OneDrive\Desktop\Bank System ConsolApp\x64\Debug\Bank System.exe
